2021-10-11 10:04:29,315 INFO  [org.jboss.as.server.deployment.scanner] (MSC service thread 1-2) WFLYDS0013: Started FileSystemDeploymentService for directory D:\_JAVA_PROJEKTY\SECURITY\spring-auth-keycloak\keycloak-15.0.2\standalone\deployments
2021-10-11 10:04:29,315 INFO  [org.jboss.as.server.deployment] (MSC service thread 1-4) WFLYSRV0027: Starting deployment of "keycloak-server.war" (runtime-name: "keycloak-server.war")
2021-10-11 10:04:29,330 INFO  [org.wildfly.extension.undertow] (MSC service thread 1-1) WFLYUT0006: Undertow HTTPS listener https listening on 127.0.0.1:8363
2021-10-11 10:04:29,969 INFO  [org.infinispan.CONTAINER] (ServerService Thread Pool -- 54) ISPN000128: Infinispan version: Infinispan 'Corona Extra' 11.0.9.Final
2021-10-11 10:04:29,985 INFO  [org.infinispan.CONFIG] (MSC service thread 1-6) ISPN000152: Passivation configured without an eviction policy being selected. Only manually evicted entities will be passivated.
2021-10-11 10:04:30,000 INFO  [org.infinispan.CONFIG] (MSC service thread 1-6) ISPN000152: Passivation configured without an eviction policy being selected. Only manually evicted entities will be passivated.
2021-10-11 10:04:30,032 INFO  [org.infinispan.PERSISTENCE] (ServerService Thread Pool -- 54) ISPN000556: Starting user marshaller 'org.wildfly.clustering.infinispan.spi.marshalling.InfinispanProtoStreamMarshaller'
2021-10-11 10:04:30,032 INFO  [org.infinispan.PERSISTENCE] (ServerService Thread Pool -- 55) ISPN000556: Starting user marshaller 'org.wildfly.clustering.infinispan.marshalling.jboss.JBossMarshaller'
2021-10-11 10:04:30,154 INFO  [org.jboss.as.clustering.infinispan] (ServerService Thread Pool -- 54) WFLYCLINF0002: Started http-remoting-connector cache from ejb container
2021-10-11 10:04:30,169 INFO  [org.jboss.as.clustering.infinispan] (ServerService Thread Pool -- 59) WFLYCLINF0002: Started loginFailures cache from keycloak container
2021-10-11 10:04:30,169 INFO  [org.jboss.as.clustering.infinispan] (ServerService Thread Pool -- 55) WFLYCLINF0002: Started authenticationSessions cache from keycloak container
2021-10-11 10:04:30,169 INFO  [org.jboss.as.clustering.infinispan] (ServerService Thread Pool -- 60) WFLYCLINF0002: Started sessions cache from keycloak container
2021-10-11 10:04:30,169 INFO  [org.jboss.as.clustering.infinispan] (ServerService Thread Pool -- 64) WFLYCLINF0002: Started offlineSessions cache from keycloak container
2021-10-11 10:04:30,169 INFO  [org.jboss.as.clustering.infinispan] (ServerService Thread Pool -- 56) WFLYCLINF0002: Started actionTokens cache from keycloak container
2021-10-11 10:04:30,169 INFO  [org.jboss.as.clustering.infinispan] (ServerService Thread Pool -- 65) WFLYCLINF0002: Started clientSessions cache from keycloak container
2021-10-11 10:04:30,169 INFO  [org.jboss.as.clustering.infinispan] (ServerService Thread Pool -- 62) WFLYCLINF0002: Started offlineClientSessions cache from keycloak container
2021-10-11 10:04:30,169 INFO  [org.jboss.as.clustering.infinispan] (ServerService Thread Pool -- 57) WFLYCLINF0002: Started work cache from keycloak container
2021-10-11 10:04:30,185 INFO  [org.jboss.as.clustering.infinispan] (ServerService Thread Pool -- 54) WFLYCLINF0002: Started realms cache from keycloak container
2021-10-11 10:04:30,185 INFO  [org.jboss.as.clustering.infinispan] (ServerService Thread Pool -- 63) WFLYCLINF0002: Started users cache from keycloak container
2021-10-11 10:04:30,185 INFO  [org.jboss.as.clustering.infinispan] (ServerService Thread Pool -- 61) WFLYCLINF0002: Started keys cache from keycloak container
2021-10-11 10:04:30,185 INFO  [org.jboss.as.clustering.infinispan] (ServerService Thread Pool -- 58) WFLYCLINF0002: Started authorization cache from keycloak container
2021-10-11 10:04:30,402 WARN  [org.jboss.as.server.deployment] (MSC service thread 1-3) WFLYSRV0273: Excluded subsystem webservices via jboss-deployment-structure.xml does not exist.
2021-10-11 10:04:30,420 ERROR [org.jboss.as.controller.management-operation] (Controller Boot Thread) WFLYCTL0013: Operation ("add") failed - address: ([
    ("subsystem" => "remoting"),
    ("http-connector" => "http-remoting-connector")
]) - failure description: {
    "WFLYCTL0412: Required services that are not installed:" => ["jboss.http-upgrade-registry.default"],
    "WFLYCTL0180: Services with missing/unavailable dependencies" => ["jboss.remoting.remoting-http-upgrade-service.http-remoting-connector is missing [jboss.http-upgrade-registry.default]"]
}
2021-10-11 10:04:30,454 ERROR [org.jboss.as.controller.management-operation] (Controller Boot Thread) WFLYCTL0013: Operation ("add") failed - address: ([
    ("subsystem" => "undertow"),
    ("server" => "default-server"),
    ("http-listener" => "default")
]) - failure description: {"WFLYCTL0080: Failed services" => {"org.wildfly.undertow.listener.default" => "Address already in use: bind /127.0.0.1:8000"}}
2021-10-11 10:04:30,454 ERROR [org.jboss.as.controller.management-operation] (Controller Boot Thread) WFLYCTL0013: Operation ("add") failed - address: ([("subsystem" => "ejb3")]) - failure description: {
    "WFLYCTL0412: Required services that are not installed:" => ["org.wildfly.remoting.connector.http-remoting-connector"],
    "WFLYCTL0180: Services with missing/unavailable dependencies" => ["jboss.ejb.association is missing [org.wildfly.remoting.connector.http-remoting-connector]"]
}
2021-10-11 10:04:30,454 ERROR [org.jboss.as.controller.management-operation] (Controller Boot Thread) WFLYCTL0013: Operation ("add") failed - address: ([
    ("subsystem" => "ejb3"),
    ("service" => "remote")
]) - failure description: {
    "WFLYCTL0412: Required services that are not installed:" => ["org.wildfly.remoting.connector.http-remoting-connector"],
    "WFLYCTL0180: Services with missing/unavailable dependencies" => ["jboss.ejb.remote.client-mappings.http-remoting-connector is missing [org.wildfly.remoting.connector.http-remoting-connector]"]
}
2021-10-11 10:04:30,470 INFO  [org.jboss.as.server] (ServerService Thread Pool -- 43) WFLYSRV0010: Deployed "keycloak-server.war" (runtime-name : "keycloak-server.war")
2021-10-11 10:04:30,470 INFO  [org.jboss.as.controller] (Controller Boot Thread) WFLYCTL0183: Service status report
WFLYCTL0184:    New missing/unsatisfied dependencies:
      service jboss.http-upgrade-registry.default (missing) dependents: [service jboss.remoting.remoting-http-upgrade-service.http-remoting-connector] 
      service org.wildfly.remoting.connector.http-remoting-connector (missing) dependents: [service jboss.ejb.association, service jboss.ejb.remote.client-mappings.http-remoting-connector] 
WFLYCTL0186:   Services which failed to start:      service org.wildfly.undertow.listener.default: Address already in use: bind /127.0.0.1:8000
WFLYCTL0448: 13 additional services are down due to their dependencies being missing or failed
2021-10-11 10:04:30,485 INFO  [org.jboss.as.server] (Controller Boot Thread) WFLYSRV0212: Resuming server
2021-10-11 10:04:30,501 ERROR [org.jboss.as] (Controller Boot Thread) WFLYSRV0026: Keycloak 15.0.2 (WildFly Core 15.0.1.Final) started (with errors) in 7028ms - Started 572 of 870 services (16 services failed or missing dependencies, 584 services are lazy, passive or on-demand)
2021-10-11 10:04:30,501 INFO  [org.jboss.as] (Controller Boot Thread) WFLYSRV0060: Http management interface listening on http://127.0.0.1:9910/management
2021-10-11 10:04:30,501 INFO  [org.jboss.as] (Controller Boot Thread) WFLYSRV0051: Admin console listening on http://127.0.0.1:9910
2021-10-11 10:04:35,145 INFO  [org.jboss.as.server] (Thread-1) WFLYSRV0272: Suspending server
2021-10-11 10:04:35,145 INFO  [org.jboss.as.ejb3] (Thread-1) WFLYEJB0493: Jakarta Enterprise Beans subsystem suspension complete
2021-10-11 10:04:35,145 INFO  [org.jboss.as.server] (Thread-1) WFLYSRV0220: Server shutdown has been requested via an OS signal
2021-10-11 10:04:35,145 INFO  [org.wildfly.extension.undertow] (MSC service thread 1-5) WFLYUT0008: Undertow HTTPS listener https suspending
2021-10-11 10:04:35,145 INFO  [org.wildfly.extension.undertow] (MSC service thread 1-5) WFLYUT0007: Undertow HTTPS listener https stopped, was bound to 127.0.0.1:8363
2021-10-11 10:04:35,145 INFO  [org.jboss.as.connector.subsystems.datasources] (MSC service thread 1-2) WFLYJCA0010: Unbound data source [java:jboss/datasources/KeycloakDS]
2021-10-11 10:04:35,145 INFO  [org.jboss.as.mail.extension] (MSC service thread 1-4) WFLYMAIL0002: Unbound mail session [java:jboss/mail/Default]
2021-10-11 10:04:35,145 INFO  [org.wildfly.extension.undertow] (MSC service thread 1-2) WFLYUT0019: Host default-host stopping
2021-10-11 10:04:35,161 INFO  [org.jboss.as.connector.subsystems.datasources] (MSC service thread 1-3) WFLYJCA0010: Unbound data source [java:jboss/datasources/ExampleDS]
2021-10-11 10:04:35,161 INFO  [org.wildfly.extension.undertow] (MSC service thread 1-5) WFLYUT0004: Undertow 2.2.5.Final stopping
2021-10-11 10:04:35,161 INFO  [org.jboss.as.connector.deployers.jdbc] (MSC service thread 1-6) WFLYJCA0019: Stopped Driver service with driver-name = h2
2021-10-11 10:04:35,167 INFO  [org.jboss.as.server.deployment] (MSC service thread 1-8) WFLYSRV0028: Stopped deployment keycloak-server.war (runtime-name: keycloak-server.war) in 28ms
2021-10-11 10:04:35,167 INFO  [org.jboss.as.clustering.infinispan] (ServerService Thread Pool -- 21) WFLYCLINF0003: Stopped work cache from keycloak container
2021-10-11 10:04:35,167 INFO  [org.jboss.as.clustering.infinispan] (ServerService Thread Pool -- 12) WFLYCLINF0003: Stopped offlineClientSessions cache from keycloak container
2021-10-11 10:04:35,167 INFO  [org.jboss.as.clustering.infinispan] (ServerService Thread Pool -- 10) WFLYCLINF0003: Stopped sessions cache from keycloak container
2021-10-11 10:04:35,167 INFO  [org.jboss.as.clustering.infinispan] (ServerService Thread Pool -- 14) WFLYCLINF0003: Stopped clientSessions cache from keycloak container
2021-10-11 10:04:35,167 INFO  [org.jboss.as.clustering.infinispan] (ServerService Thread Pool -- 58) WFLYCLINF0003: Stopped actionTokens cache from keycloak container
2021-10-11 10:04:35,167 INFO  [org.jboss.as.clustering.infinispan] (ServerService Thread Pool -- 26) WFLYCLINF0003: Stopped loginFailures cache from keycloak container
2021-10-11 10:04:35,167 INFO  [org.jboss.as.clustering.infinispan] (ServerService Thread Pool -- 18) WFLYCLINF0003: Stopped authenticationSessions cache from keycloak container
2021-10-11 10:04:35,167 INFO  [org.jboss.as.clustering.infinispan] (ServerService Thread Pool -- 15) WFLYCLINF0003: Stopped offlineSessions cache from keycloak container
2021-10-11 10:04:35,167 INFO  [org.jboss.as.clustering.infinispan] (ServerService Thread Pool -- 22) WFLYCLINF0003: Stopped keys cache from keycloak container
2021-10-11 10:04:35,167 INFO  [org.jboss.as.clustering.infinispan] (ServerService Thread Pool -- 4) WFLYCLINF0003: Stopped realms cache from keycloak container
2021-10-11 10:04:35,167 INFO  [org.jboss.as.clustering.infinispan] (ServerService Thread Pool -- 9) WFLYCLINF0003: Stopped users cache from keycloak container
2021-10-11 10:04:35,167 INFO  [org.jboss.as.clustering.infinispan] (ServerService Thread Pool -- 16) WFLYCLINF0003: Stopped authorization cache from keycloak container
2021-10-11 10:04:35,167 INFO  [org.infinispan.manager.DefaultCacheManager] (ServerService Thread Pool -- 4) Stopping cache manager null on null
2021-10-11 10:04:35,198 INFO  [org.jboss.as.clustering.infinispan] (ServerService Thread Pool -- 5) WFLYCLINF0003: Stopped http-remoting-connector cache from ejb container
2021-10-11 10:04:35,198 INFO  [org.infinispan.manager.DefaultCacheManager] (ServerService Thread Pool -- 5) Stopping cache manager null on null
2021-10-11 10:04:35,198 INFO  [org.jboss.as] (MSC service thread 1-5) WFLYSRV0050: Keycloak 15.0.2 (WildFly Core 15.0.1.Final) stopped in 53ms
